<?xml version="1.0" encoding="UTF-8"?>
<testsuite name="hello.core.scan.AutoAppConfigTest" tests="1" skipped="0" failures="0" errors="0" timestamp="2022-07-05T12:05:13" hostname="DESKTOP-4JT99OM" time="0.854">
  <properties/>
  <testcase name="basicScan()" classname="hello.core.scan.AutoAppConfigTest" time="0.854"/>
  <system-out><![CDATA[21:05:13.342 [Test worker] DEBUG org.springframework.context.annotation.AnnotationConfigApplicationContext - Refreshing org.springframework.context.annotation.AnnotationConfigApplicationContext@1ba9117e
21:05:13.373 [Test worker] DEBUG org.springframework.beans.factory.support.DefaultListableBeanFactory - Creating shared instance of singleton bean 'org.springframework.context.annotation.internalConfigurationAnnotationProcessor'
21:05:13.472 [Test worker] DEBUG org.springframework.context.annotation.ClassPathBeanDefinitionScanner - Identified candidate component class: file [C:\Users\aysel\Documents\Study-Record\Ch06\SpringBoot-Basic\Ch06\build\classes\java\main\hello\core\member\MemberServiceImpl.class]
21:05:13.473 [Test worker] DEBUG org.springframework.context.annotation.ClassPathBeanDefinitionScanner - Identified candidate component class: file [C:\Users\aysel\Documents\Study-Record\Ch06\SpringBoot-Basic\Ch06\build\classes\java\main\hello\core\member\MemoryMemberRepository.class]
21:05:13.567 [Test worker] DEBUG org.springframework.context.annotation.ClassPathBeanDefinitionScanner - Identified candidate component class: file [C:\Users\aysel\Documents\Study-Record\Ch06\SpringBoot-Basic\Ch06\build\classes\java\main\hello\core\discount\RateDiscountPolicy.class]
21:05:13.567 [Test worker] DEBUG org.springframework.context.annotation.ClassPathBeanDefinitionScanner - Identified candidate component class: file [C:\Users\aysel\Documents\Study-Record\Ch06\SpringBoot-Basic\Ch06\build\classes\java\main\hello\core\member\MemberServiceImpl.class]
21:05:13.568 [Test worker] DEBUG org.springframework.context.annotation.ClassPathBeanDefinitionScanner - Identified candidate component class: file [C:\Users\aysel\Documents\Study-Record\Ch06\SpringBoot-Basic\Ch06\build\classes\java\main\hello\core\member\MemoryMemberRepository.class]
21:05:13.571 [Test worker] DEBUG org.springframework.context.annotation.ClassPathBeanDefinitionScanner - Identified candidate component class: file [C:\Users\aysel\Documents\Study-Record\Ch06\SpringBoot-Basic\Ch06\build\classes\java\main\hello\core\order\OrderServiceImpl.class]
21:05:13.604 [Test worker] DEBUG org.springframework.beans.factory.support.DefaultListableBeanFactory - Overriding bean definition for bean 'memoryMemberRepository' with a different definition: replacing [Generic bean: class [hello.core.member.MemoryMemberRepository]; scope=singleton; abstract=false; lazyInit=null; autowireMode=0; dependencyCheck=0; autowireCandidate=true; primary=false; factoryBeanName=null; factoryMethodName=null; initMethodName=null; destroyMethodName=null; defined in file [C:\Users\aysel\Documents\Study-Record\Ch06\SpringBoot-Basic\Ch06\build\classes\java\main\hello\core\member\MemoryMemberRepository.class]] with [Root bean: class [null]; scope=; abstract=false; lazyInit=null; autowireMode=3; dependencyCheck=0; autowireCandidate=true; primary=false; factoryBeanName=autoAppConfig; factoryMethodName=memberRepository; initMethodName=null; destroyMethodName=(inferred); defined in hello.core.AutoAppConfig]
21:05:13.716 [Test worker] DEBUG org.springframework.beans.factory.support.DefaultListableBeanFactory - Creating shared instance of singleton bean 'org.springframework.context.event.internalEventListenerProcessor'
21:05:13.719 [Test worker] DEBUG org.springframework.beans.factory.support.DefaultListableBeanFactory - Creating shared instance of singleton bean 'org.springframework.context.event.internalEventListenerFactory'
21:05:13.721 [Test worker] DEBUG org.springframework.beans.factory.support.DefaultListableBeanFactory - Creating shared instance of singleton bean 'org.springframework.context.annotation.internalAutowiredAnnotationProcessor'
21:05:13.723 [Test worker] DEBUG org.springframework.beans.factory.support.DefaultListableBeanFactory - Creating shared instance of singleton bean 'org.springframework.context.annotation.internalCommonAnnotationProcessor'
21:05:13.735 [Test worker] DEBUG org.springframework.beans.factory.support.DefaultListableBeanFactory - Creating shared instance of singleton bean 'autoAppConfig'
21:05:13.741 [Test worker] DEBUG org.springframework.beans.factory.support.DefaultListableBeanFactory - Creating shared instance of singleton bean 'memberServiceImpl'
21:05:13.755 [Test worker] DEBUG org.springframework.beans.factory.support.DefaultListableBeanFactory - Creating shared instance of singleton bean 'memoryMemberRepository'
21:05:13.770 [Test worker] DEBUG org.springframework.beans.factory.support.DefaultListableBeanFactory - Autowiring by type from bean name 'memberServiceImpl' via constructor to bean named 'memoryMemberRepository'
21:05:13.772 [Test worker] DEBUG org.springframework.beans.factory.support.DefaultListableBeanFactory - Creating shared instance of singleton bean 'rateDiscountPolicy'
21:05:13.772 [Test worker] DEBUG org.springframework.beans.factory.support.DefaultListableBeanFactory - Creating shared instance of singleton bean 'orderServiceImpl'
21:05:13.774 [Test worker] DEBUG org.springframework.beans.factory.support.DefaultListableBeanFactory - Autowiring by type from bean name 'orderServiceImpl' via constructor to bean named 'memoryMemberRepository'
21:05:13.775 [Test worker] DEBUG org.springframework.beans.factory.support.DefaultListableBeanFactory - Autowiring by type from bean name 'orderServiceImpl' via constructor to bean named 'rateDiscountPolicy'
]]></system-out>
  <system-err><![CDATA[]]></system-err>
</testsuite>
